# JRE version: Java(TM) SE Runtime Environment (7.0_45-b18) (build 1.7.0_45-b18)
# Java VM: Java HotSpot(TM) 64-Bit Server VM (24.45-b08 mixed mode windows-amd64 compressed oops)
Heap
 PSYoungGen      total 39936K, used 4453K [0x00000007d5e00000, 0x00000007d8f80000, 0x0000000800000000)
  eden space 30208K, 11% used [0x00000007d5e00000,0x00000007d6179480,0x00000007d7b80000)
  from space 9728K, 9% used [0x00000007d8600000,0x00000007d86e0000,0x00000007d8f80000)
  to   space 10240K, 0% used [0x00000007d7b80000,0x00000007d7b80000,0x00000007d8580000)
 ParOldGen       total 86016K, used 14430K [0x0000000781a00000, 0x0000000786e00000, 0x00000007d5e00000)
  object space 86016K, 16% used [0x0000000781a00000,0x0000000782817af8,0x0000000786e00000)
 PSPermGen       total 21504K, used 18320K [0x000000077c800000, 0x000000077dd00000, 0x0000000781a00000)
  object space 21504K, 85% used [0x000000077c800000,0x000000077d9e43d0,0x000000077dd00000)
GC Heap History (10 events):
Event: 101.299 GC heap before
{Heap before GC invocations=6 (full 0):
 PSYoungGen      total 37888K, used 37883K [0x00000007d5e00000, 0x00000007d8f00000, 0x0000000800000000)
  eden space 32768K, 100% used [0x00000007d5e00000,0x00000007d7e00000,0x00000007d7e00000)
  from space 5120K, 99% used [0x00000007d7e80000,0x00000007d837ede0,0x00000007d8380000)
  to   space 8704K, 0% used [0x00000007d8680000,0x00000007d8680000,0x00000007d8f00000)
 ParOldGen       total 86016K, used 6907K [0x0000000781a00000, 0x0000000786e00000, 0x00000007d5e00000)
  object space 86016K, 8% used [0x0000000781a00000,0x00000007820becc8,0x0000000786e00000)
 PSPermGen       total 21504K, used 18253K [0x000000077c800000, 0x000000077dd00000, 0x0000000781a00000)
  object space 21504K, 84% used [0x000000077c800000,0x000000077d9d3610,0x000000077dd00000)
Event: 101.312 GC heap after
Heap after GC invocations=6 (full 0):
 PSYoungGen      total 40448K, used 5787K [0x00000007d5e00000, 0x00000007d8e80000, 0x0000000800000000)
  eden space 32256K, 0% used [0x00000007d5e00000,0x00000007d5e00000,0x00000007d7d80000)
  from space 8192K, 70% used [0x00000007d8680000,0x00000007d8c26de0,0x00000007d8e80000)
  to   space 8704K, 0% used [0x00000007d7d80000,0x00000007d7d80000,0x00000007d8600000)
 ParOldGen       total 86016K, used 6907K [0x0000000781a00000, 0x0000000786e00000, 0x00000007d5e00000)
  object space 86016K, 8% used [0x0000000781a00000,0x00000007820becc8,0x0000000786e00000)
 PSPermGen       total 21504K, used 18253K [0x000000077c800000, 0x000000077dd00000, 0x0000000781a00000)
  object space 21504K, 84% used [0x000000077c800000,0x000000077d9d3610,0x000000077dd00000)
}
Event: 125.093 GC heap before
{Heap before GC invocations=7 (full 0):
 PSYoungGen      total 40448K, used 38043K [0x00000007d5e00000, 0x00000007d8e80000, 0x0000000800000000)
  eden space 32256K, 100% used [0x00000007d5e00000,0x00000007d7d80000,0x00000007d7d80000)
  from space 8192K, 70% used [0x00000007d8680000,0x00000007d8c26de0,0x00000007d8e80000)
  to   space 8704K, 0% used [0x00000007d7d80000,0x00000007d7d80000,0x00000007d8600000)
 ParOldGen       total 86016K, used 6907K [0x0000000781a00000, 0x0000000786e00000, 0x00000007d5e00000)
  object space 86016K, 8% used [0x0000000781a00000,0x00000007820becc8,0x0000000786e00000)
 PSPermGen       total 21504K, used 18260K [0x000000077c800000, 0x000000077dd00000, 0x0000000781a00000)
  object space 21504K, 84% used [0x000000077c800000,0x000000077d9d51f0,0x000000077dd00000)
Event: 125.106 GC heap after
Heap after GC invocations=7 (full 0):
 PSYoungGen      total 40448K, used 960K [0x00000007d5e00000, 0x00000007d9000000, 0x0000000800000000)
  eden space 31744K, 0% used [0x00000007d5e00000,0x00000007d5e00000,0x00000007d7d00000)
  from space 8704K, 11% used [0x00000007d7d80000,0x00000007d7e70000,0x00000007d8600000)
  to   space 9728K, 0% used [0x00000007d8680000,0x00000007d8680000,0x00000007d9000000)
 ParOldGen       total 86016K, used 14262K [0x0000000781a00000, 0x0000000786e00000, 0x00000007d5e00000)
  object space 86016K, 16% used [0x0000000781a00000,0x00000007827edaf8,0x0000000786e00000)
 PSPermGen       total 21504K, used 18260K [0x000000077c800000, 0x000000077dd00000, 0x0000000781a00000)
  object space 21504K, 84% used [0x000000077c800000,0x000000077d9d51f0,0x000000077dd00000)
}
Event: 148.483 GC heap before
{Heap before GC invocations=8 (full 0):
 PSYoungGen      total 40448K, used 32704K [0x00000007d5e00000, 0x00000007d9000000, 0x0000000800000000)
  eden space 31744K, 100% used [0x00000007d5e00000,0x00000007d7d00000,0x00000007d7d00000)
  from space 8704K, 11% used [0x00000007d7d80000,0x00000007d7e70000,0x00000007d8600000)
  to   space 9728K, 0% used [0x00000007d8680000,0x00000007d8680000,0x00000007d9000000)
 ParOldGen       total 86016K, used 14262K [0x0000000781a00000, 0x0000000786e00000, 0x00000007d5e00000)
  object space 86016K, 16% used [0x0000000781a00000,0x00000007827edaf8,0x0000000786e00000)
 PSPermGen       total 21504K, used 18297K [0x000000077c800000, 0x000000077dd00000, 0x0000000781a00000)
  object space 21504K, 85% used [0x000000077c800000,0x000000077d9de640,0x000000077dd00000)
Event: 148.494 GC heap after
Heap after GC invocations=8 (full 0):
 PSYoungGen      total 40960K, used 896K [0x00000007d5e00000, 0x00000007d9080000, 0x0000000800000000)
  eden space 31232K, 0% used [0x00000007d5e00000,0x00000007d5e00000,0x00000007d7c80000)
  from space 9728K, 9% used [0x00000007d8680000,0x00000007d8760000,0x00000007d9000000)
  to   space 10240K, 0% used [0x00000007d7c80000,0x00000007d7c80000,0x00000007d8680000)
 ParOldGen       total 86016K, used 14326K [0x0000000781a00000, 0x0000000786e00000, 0x00000007d5e00000)
  object space 86016K, 16% used [0x0000000781a00000,0x00000007827fdaf8,0x0000000786e00000)
 PSPermGen       total 21504K, used 18297K [0x000000077c800000, 0x000000077dd00000, 0x0000000781a00000)
  object space 21504K, 85% used [0x000000077c800000,0x000000077d9de640,0x000000077dd00000)
}
Event: 171.416 GC heap before
{Heap before GC invocations=9 (full 0):
 PSYoungGen      total 40960K, used 32128K [0x00000007d5e00000, 0x00000007d9080000, 0x0000000800000000)
  eden space 31232K, 100% used [0x00000007d5e00000,0x00000007d7c80000,0x00000007d7c80000)
  from space 9728K, 9% used [0x00000007d8680000,0x00000007d8760000,0x00000007d9000000)
  to   space 10240K, 0% used [0x00000007d7c80000,0x00000007d7c80000,0x00000007d8680000)
 ParOldGen       total 86016K, used 14326K [0x0000000781a00000, 0x0000000786e00000, 0x00000007d5e00000)
  object space 86016K, 16% used [0x0000000781a00000,0x00000007827fdaf8,0x0000000786e00000)
 PSPermGen       total 21504K, used 18306K [0x000000077c800000, 0x000000077dd00000, 0x0000000781a00000)
  object space 21504K, 85% used [0x000000077c800000,0x000000077d9e0958,0x000000077dd00000)
Event: 171.425 GC heap after
Heap after GC invocations=9 (full 0):
 PSYoungGen      total 31744K, used 896K [0x00000007d5e00000, 0x00000007d9000000, 0x0000000800000000)
  eden space 30720K, 0% used [0x00000007d5e00000,0x00000007d5e00000,0x00000007d7c00000)
  from space 1024K, 87% used [0x00000007d7c80000,0x00000007d7d60000,0x00000007d7d80000)
  to   space 10240K, 0% used [0x00000007d8600000,0x00000007d8600000,0x00000007d9000000)
 ParOldGen       total 86016K, used 14374K [0x0000000781a00000, 0x0000000786e00000, 0x00000007d5e00000)
  object space 86016K, 16% used [0x0000000781a00000,0x0000000782809af8,0x0000000786e00000)
 PSPermGen       total 21504K, used 18306K [0x000000077c800000, 0x000000077dd00000, 0x0000000781a00000)
  object space 21504K, 85% used [0x000000077c800000,0x000000077d9e0958,0x000000077dd00000)
}
Event: 193.695 GC heap before
{Heap before GC invocations=10 (full 0):
 PSYoungGen      total 31744K, used 31616K [0x00000007d5e00000, 0x00000007d9000000, 0x0000000800000000)
  eden space 30720K, 100% used [0x00000007d5e00000,0x00000007d7c00000,0x00000007d7c00000)
  from space 1024K, 87% used [0x00000007d7c80000,0x00000007d7d60000,0x00000007d7d80000)
  to   space 10240K, 0% used [0x00000007d8600000,0x00000007d8600000,0x00000007d9000000)
 ParOldGen       total 86016K, used 14374K [0x0000000781a00000, 0x0000000786e00000, 0x00000007d5e00000)
  object space 86016K, 16% used [0x0000000781a00000,0x0000000782809af8,0x0000000786e00000)
 PSPermGen       total 21504K, used 18319K [0x000000077c800000, 0x000000077dd00000, 0x0000000781a00000)
  object space 21504K, 85% used [0x000000077c800000,0x000000077d9e3f48,0x000000077dd00000)
Event: 193.704 GC heap after
Heap after GC invocations=10 (full 0):
 PSYoungGen      total 39936K, used 896K [0x00000007d5e00000, 0x00000007d8f80000, 0x0000000800000000)
  eden space 30208K, 0% used [0x00000007d5e00000,0x00000007d5e00000,0x00000007d7b80000)
  from space 9728K, 9% used [0x00000007d8600000,0x00000007d86e0000,0x00000007d8f80000)
  to   space 10240K, 0% used [0x00000007d7b80000,0x00000007d7b80000,0x00000007d8580000)
 ParOldGen       total 86016K, used 14430K [0x0000000781a00000, 0x0000000786e00000, 0x00000007d5e00000)
  object space 86016K, 16% used [0x0000000781a00000,0x0000000782817af8,0x0000000786e00000)
 PSPermGen       total 21504K, used 18319K [0x000000077c800000, 0x000000077dd00000, 0x0000000781a00000)
  object space 21504K, 85% used [0x000000077c800000,0x000000077d9e3f48,0x000000077dd00000)
}

